<?xml version="1.0" encoding="UTF-8"?>
<!-- Generated by org.testng.reporters.JUnitReportReporter -->
<testsuite hostname="DESKTOP-GLKVRGN" failures="0" tests="2" name="com.sevenrmatrtsupermarket.tests.HomePageTest" time="20.995" errors="0" timestamp="2024-07-10T12:22:38 IST" skipped="0">
  <testcase classname="com.sevenrmatrtsupermarket.tests.HomePageTest" name="verifyDashBoardCardsCategory" time="5.581"/>
  <testcase classname="com.sevenrmatrtsupermarket.tests.HomePageTest" name="verifyDasBoardCardsClickable" time="15.414"/>
</testsuite> <!-- com.sevenrmatrtsupermarket.tests.HomePageTest -->
