<?xml version="1.0" encoding="UTF-8"?>
<!-- Generated by org.testng.reporters.JUnitReportReporter -->
<testsuite hostname="DESKTOP-GLKVRGN" failures="0" tests="1" name="com.sevenrmatrtsupermarket.tests.AdminTest" time="22.415" errors="0" timestamp="2024-07-10T13:36:01 IST" skipped="0">
  <testcase classname="com.sevenrmatrtsupermarket.tests.AdminTest" name="verifyNewAdminUserCreation" time="22.415"/>
</testsuite> <!-- com.sevenrmatrtsupermarket.tests.AdminTest -->
