<?xml version="1.0" encoding="UTF-8"?>
<!-- Generated by org.testng.reporters.JUnitReportReporter -->
<testsuite hostname="DESKTOP-GLKVRGN" failures="0" tests="1" name="logintest.LoginTest" time="8.576" errors="0" timestamp="2024-07-04T08:05:23 IST" skipped="0">
  <testcase classname="logintest.LoginTest" name="verifyLogin" time="8.576"/>
</testsuite> <!-- logintest.LoginTest -->
