<?xml version="1.0" encoding="UTF-8"?>
<!-- Generated by org.testng.reporters.JUnitReportReporter -->
<testsuite hostname="DESKTOP-GLKVRGN" failures="0" tests="1" name="com.sevenrmatrtsupermarket.tests.AdminTest" time="11.159" errors="0" timestamp="2024-07-11T19:30:57 IST" skipped="0">
  <testcase classname="com.sevenrmatrtsupermarket.tests.AdminTest" name="adminUserNameSearch" time="11.159"/>
</testsuite> <!-- com.sevenrmatrtsupermarket.tests.AdminTest -->
