<?xml version="1.0" encoding="UTF-8"?>
<!-- Generated by org.testng.reporters.JUnitReportReporter -->
<testsuite hostname="DESKTOP-GLKVRGN" failures="0" tests="2" name="com.sevenrmatrtsupermarket.tests.HomePageTest" time="25.977" errors="0" timestamp="2024-07-11T07:35:25 IST" skipped="0">
  <testcase classname="com.sevenrmatrtsupermarket.tests.HomePageTest" name="verifyDasBoardCardsClickable" time="10.871"/>
  <testcase classname="com.sevenrmatrtsupermarket.tests.HomePageTest" name="verifyDashBoardCardsCategory" time="15.106"/>
</testsuite> <!-- com.sevenrmatrtsupermarket.tests.HomePageTest -->
